2021-02-08 11:58:46,752 [default-akka.actor.default-dispatcher-4] INFO  akka.event.slf4j.Slf4jLogger - Slf4jLogger started
2021-02-08 11:58:46,815 [default-akka.actor.default-dispatcher-4] INFO  tz.go.moh.him.hfr.mediator.orchestrator.AcknowledgementOrchestrator - Received feedback from core
2021-02-08 11:58:49,875 [default-akka.actor.default-dispatcher-2] INFO  akka.actor.LocalActorRef - Message [akka.dispatch.sysmsg.Terminate] from Actor[akka://default/user/HFR-Mediator/core-api-connector#2054998220] to Actor[akka://default/user/HFR-Mediator/core-api-connector#2054998220] was not delivered. [1] dead letters encountered. This logging can be turned off or adjusted with configuration settings 'akka.log-dead-letters' and 'akka.log-dead-letters-during-shutdown'.
2021-02-08 11:58:49,908 [default-akka.actor.default-dispatcher-3] INFO  akka.event.slf4j.Slf4jLogger - Slf4jLogger started
2021-02-08 11:58:49,926 [default-akka.actor.default-dispatcher-3] INFO  tz.go.moh.him.hfr.mediator.orchestrator.FacilityOrchestrator - Received request: null POST /hfr
2021-02-08 11:58:52,933 [default-akka.actor.default-dispatcher-6] INFO  akka.actor.LocalActorRef - Message [akka.dispatch.sysmsg.Terminate] from Actor[akka://default/user/HFR-Mediator/core-api-connector#-837988419] to Actor[akka://default/user/HFR-Mediator/core-api-connector#-837988419] was not delivered. [1] dead letters encountered. This logging can be turned off or adjusted with configuration settings 'akka.log-dead-letters' and 'akka.log-dead-letters-during-shutdown'.
2021-02-08 11:58:52,936 [default-akka.actor.default-dispatcher-6] INFO  akka.actor.LocalActorRef - Message [akka.dispatch.sysmsg.Terminate] from Actor[akka://default/user/HFR-Mediator/http-connector#-1438250247] to Actor[akka://default/user/HFR-Mediator/http-connector#-1438250247] was not delivered. [2] dead letters encountered. This logging can be turned off or adjusted with configuration settings 'akka.log-dead-letters' and 'akka.log-dead-letters-during-shutdown'.
2021-02-08 18:00:03,278 [default-akka.actor.default-dispatcher-4] INFO  akka.event.slf4j.Slf4jLogger - Slf4jLogger started
2021-02-08 18:00:03,337 [default-akka.actor.default-dispatcher-3] INFO  tz.go.moh.him.hfr.mediator.orchestrator.AcknowledgementOrchestrator - Received feedback from core
2021-02-08 18:00:06,595 [default-akka.actor.default-dispatcher-3] INFO  akka.actor.LocalActorRef - Message [akka.dispatch.sysmsg.Terminate] from Actor[akka://default/user/HFR-Mediator/core-api-connector#-255624675] to Actor[akka://default/user/HFR-Mediator/core-api-connector#-255624675] was not delivered. [1] dead letters encountered. This logging can be turned off or adjusted with configuration settings 'akka.log-dead-letters' and 'akka.log-dead-letters-during-shutdown'.
2021-02-08 18:00:06,703 [default-akka.actor.default-dispatcher-2] INFO  akka.event.slf4j.Slf4jLogger - Slf4jLogger started
2021-02-08 18:00:06,739 [default-akka.actor.default-dispatcher-3] INFO  tz.go.moh.him.hfr.mediator.orchestrator.FacilityOrchestrator - Received request: null POST /hfr
2021-02-08 18:00:09,758 [default-akka.actor.default-dispatcher-4] INFO  akka.actor.LocalActorRef - Message [akka.dispatch.sysmsg.Terminate] from Actor[akka://default/user/HFR-Mediator/core-api-connector#1287043859] to Actor[akka://default/user/HFR-Mediator/core-api-connector#1287043859] was not delivered. [1] dead letters encountered. This logging can be turned off or adjusted with configuration settings 'akka.log-dead-letters' and 'akka.log-dead-letters-during-shutdown'.
2021-02-08 18:00:09,760 [default-akka.actor.default-dispatcher-2] INFO  akka.actor.LocalActorRef - Message [akka.dispatch.sysmsg.Terminate] from Actor[akka://default/user/HFR-Mediator/http-connector#-1539305078] to Actor[akka://default/user/HFR-Mediator/http-connector#-1539305078] was not delivered. [2] dead letters encountered. This logging can be turned off or adjusted with configuration settings 'akka.log-dead-letters' and 'akka.log-dead-letters-during-shutdown'.
2021-02-08 18:00:47,797 [default-akka.actor.default-dispatcher-2] INFO  akka.event.slf4j.Slf4jLogger - Slf4jLogger started
2021-02-08 18:00:47,855 [default-akka.actor.default-dispatcher-3] INFO  tz.go.moh.him.hfr.mediator.orchestrator.AcknowledgementOrchestrator - Received feedback from core
2021-02-08 18:00:50,945 [default-akka.actor.default-dispatcher-2] INFO  akka.actor.LocalActorRef - Message [akka.dispatch.sysmsg.Terminate] from Actor[akka://default/user/HFR-Mediator/core-api-connector#721617606] to Actor[akka://default/user/HFR-Mediator/core-api-connector#721617606] was not delivered. [1] dead letters encountered. This logging can be turned off or adjusted with configuration settings 'akka.log-dead-letters' and 'akka.log-dead-letters-during-shutdown'.
2021-02-08 18:00:51,005 [default-akka.actor.default-dispatcher-4] INFO  akka.event.slf4j.Slf4jLogger - Slf4jLogger started
2021-02-08 18:00:51,041 [default-akka.actor.default-dispatcher-4] INFO  tz.go.moh.him.hfr.mediator.orchestrator.FacilityOrchestrator - Received request: null POST /hfr
2021-02-08 18:00:54,047 [default-akka.actor.default-dispatcher-7] INFO  akka.actor.LocalActorRef - Message [akka.dispatch.sysmsg.Terminate] from Actor[akka://default/user/HFR-Mediator/core-api-connector#533019298] to Actor[akka://default/user/HFR-Mediator/core-api-connector#533019298] was not delivered. [1] dead letters encountered. This logging can be turned off or adjusted with configuration settings 'akka.log-dead-letters' and 'akka.log-dead-letters-during-shutdown'.
2021-02-08 18:00:54,051 [default-akka.actor.default-dispatcher-7] INFO  akka.actor.LocalActorRef - Message [akka.dispatch.sysmsg.Terminate] from Actor[akka://default/user/HFR-Mediator/http-connector#1018875283] to Actor[akka://default/user/HFR-Mediator/http-connector#1018875283] was not delivered. [2] dead letters encountered. This logging can be turned off or adjusted with configuration settings 'akka.log-dead-letters' and 'akka.log-dead-letters-during-shutdown'.
2021-02-08 18:01:18,763 [default-akka.actor.default-dispatcher-3] INFO  akka.event.slf4j.Slf4jLogger - Slf4jLogger started
2021-02-08 18:01:18,834 [default-akka.actor.default-dispatcher-2] INFO  tz.go.moh.him.hfr.mediator.orchestrator.AcknowledgementOrchestrator - Received feedback from core
2021-02-08 18:01:21,900 [default-akka.actor.default-dispatcher-4] INFO  akka.actor.LocalActorRef - Message [akka.dispatch.sysmsg.Terminate] from Actor[akka://default/user/HFR-Mediator/core-api-connector#-1139813498] to Actor[akka://default/user/HFR-Mediator/core-api-connector#-1139813498] was not delivered. [1] dead letters encountered. This logging can be turned off or adjusted with configuration settings 'akka.log-dead-letters' and 'akka.log-dead-letters-during-shutdown'.
2021-02-08 18:01:21,947 [default-akka.actor.default-dispatcher-4] INFO  akka.event.slf4j.Slf4jLogger - Slf4jLogger started
2021-02-08 18:01:21,972 [default-akka.actor.default-dispatcher-4] INFO  tz.go.moh.him.hfr.mediator.orchestrator.FacilityOrchestrator - Received request: null POST /hfr
2021-02-08 18:01:24,986 [default-akka.actor.default-dispatcher-4] INFO  akka.actor.LocalActorRef - Message [akka.dispatch.sysmsg.Terminate] from Actor[akka://default/user/HFR-Mediator/core-api-connector#-161029476] to Actor[akka://default/user/HFR-Mediator/core-api-connector#-161029476] was not delivered. [1] dead letters encountered. This logging can be turned off or adjusted with configuration settings 'akka.log-dead-letters' and 'akka.log-dead-letters-during-shutdown'.
2021-02-08 18:01:24,987 [default-akka.actor.default-dispatcher-4] INFO  akka.actor.LocalActorRef - Message [akka.dispatch.sysmsg.Terminate] from Actor[akka://default/user/HFR-Mediator/http-connector#-2132908133] to Actor[akka://default/user/HFR-Mediator/http-connector#-2132908133] was not delivered. [2] dead letters encountered. This logging can be turned off or adjusted with configuration settings 'akka.log-dead-letters' and 'akka.log-dead-letters-during-shutdown'.
